Mono path[0] = 'D:/Desktop/KineticField/Project/KineticFields/Builds/KineticFields_Data/Managed'
Mono config path = 'D:/Desktop/KineticField/Project/KineticFields/Builds/MonoBleedingEdge/etc'
Initialize engine version: 2020.1.8f1 (22e8c0b0c3ec)
[Subsystems] Discovering subsystems at path D:/Desktop/KineticField/Project/KineticFields/Builds/KineticFields_Data/UnitySubsystems
GfxDevice: creating device client; threaded=1
Direct3D:
    Version:  Direct3D 11.0 [level 11.1]
    Renderer: NVIDIA GeForce GTX 1060 6GB (ID=0x1c03)
    Vendor:   
    VRAM:     6052 MB
    Driver:   27.21.14.5671
Begin MonoManager ReloadAssembly
- Completed reload, in  2.099 seconds
D3D11 device created for Microsoft Media Foundation video decoding.
<RI> Initializing input.
<RI> Input initialized.
<RI> Initialized touch support.
UnloadTime: 5.784900 ms
0/0 
(Filename: C:\buildslave\unity\build\Runtime/Export/Debug/Debug.bindings.h Line: 35)

add listener 
(Filename: C:\buildslave\unity\build\Runtime/Export/Debug/Debug.bindings.h Line: 35)

0/0 
(Filename: C:\buildslave\unity\build\Runtime/Export/Debug/Debug.bindings.h Line: 35)

0/0 
(Filename: C:\buildslave\unity\build\Runtime/Export/Debug/Debug.bindings.h Line: 35)

You are using the deprecated Procedural Sky in your Scene. You can still use it but, to do so, you must install it separately. To do this, open the Package Manager window and import the 'Procedural Sky' sample from the HDRP package page, then close and re-open your project without saving. 
(Filename: C:\buildslave\unity\build\Runtime/Export/Debug/Debug.bindings.h Line: 35)

0/0 
(Filename: C:\buildslave\unity\build\Runtime/Export/Debug/Debug.bindings.h Line: 35)

0/0 
(Filename: C:\buildslave\unity\build\Runtime/Export/Debug/Debug.bindings.h Line: 35)

add listener 
(Filename: C:\buildslave\unity\build\Runtime/Export/Debug/Debug.bindings.h Line: 35)

0/0 
(Filename: C:\buildslave\unity\build\Runtime/Export/Debug/Debug.bindings.h Line: 35)

0/0 
(Filename: C:\buildslave\unity\build\Runtime/Export/Debug/Debug.bindings.h Line: 35)

1/0 
(Filename: C:\buildslave\unity\build\Runtime/Export/Debug/Debug.bindings.h Line: 35)

Default audio device was changed, but the audio system failed to initialize it. Attempting to reset sound system. 
(Filename:  Line: 65)

FMOD failed to initialize the output device.: "Error initializing output device. " (60) 
(Filename:  Line: 1419)

Forced to initialize FMOD to to the device driver's system output rate 44100, this may impact performance and/or give inconsistent experiences compared to selected sample rate 48000 
(Filename:  Line: 1334)

FMOD failed to initialize the output device.: "Error initializing output device. " (60) 
(Filename:  Line: 1419)

FMOD failed to initialize any audio devices, running on emulated software output with no sound. Please check your audio drivers and/or hardware for malfunction.
Setting up 6 worker threads for Enlighten.
  Thread -> id: 5010 -> priority: 1 
  Thread -> id: 5bc8 -> priority: 1 
  Thread -> id: 51d0 -> priority: 1 
  Thread -> id: 387c -> priority: 1 
  Thread -> id: 5ca4 -> priority: 1 
  Thread -> id: 5df8 -> priority: 1 
Culling group was not disposed. You have to call Dispose explicitly from the main thread. This will likely result in a crash. 
(Filename:  Line: 70)

